<?xml version="1.0" encoding="UTF-8"?>
<!-- Generated by org.testng.reporters.JUnitXMLReporter -->
<testsuite ignored="0" hostname="MSI" failures="0" tests="4" name="Test" time="18.914" errors="0" timestamp="2022-05-17T19:45:59 IST">
  <testcase classname="tests.TwoTest" name="testTwo" time="0.004"/>
  <testcase classname="tests.LoginTest" name="login" time="1.015"/>
  <testcase classname="tests.LoginTest" name="login" time="10.754"/>
  <testcase classname="tests.ThreeTest" name="testThree" time="0.001"/>
</testsuite> <!-- Test -->
