<?xml version="1.0" encoding="UTF-8"?>
<!-- Generated by org.testng.reporters.JUnitXMLReporter -->
<testsuite ignored="0" hostname="MSI" failures="0" tests="4" name="Test" time="35.404" errors="0" timestamp="2022-05-17T20:07:47 IST">
  <testcase classname="tests.TwoTest" name="testTwo" time="12.143"/>
  <testcase classname="tests.LoginTest" name="login" time="0.957"/>
  <testcase classname="tests.LoginTest" name="login" time="10.721"/>
  <testcase classname="tests.ThreeTest" name="testThree" time="7.125"/>
</testsuite> <!-- Test -->
